<?xml version="1.0" encoding="UTF-8"?>
<!-- Generated by org.testng.reporters.JUnitXMLReporter -->
<testsuite ignored="0" hostname="LAPTOP-PLNO5R2G" failures="0" tests="30" name="Ninja-Hybrid_Framework-Test" time="147.938" errors="0" timestamp="2023-10-15T15:14:05 PDT">
  <testcase classname="com.qa.hybridninja.testcases.HybridNinja_Landing_Test" name="validatePageTitleAndUrl" time="0.072"/>
  <testcase classname="com.qa.hybridninja.testcases.HybridNinja_Landing_Test" name="presenceOfQAFoxLink" time="1.299"/>
  <testcase classname="com.qa.hybridninja.testcases.HybridNinja_Logging_Test" name="loginWithValidCredentialsUsingDataProvider" time="1.397"/>
  <testcase classname="com.qa.hybridninja.testcases.HybridNinja_Logging_Test" name="loginWithValidCredentialsUsingDataProvider" time="1.318"/>
  <testcase classname="com.qa.hybridninja.testcases.HybridNinja_Logging_Test" name="loginWithValidCredentialsUsingDataProvider" time="1.357"/>
  <testcase classname="com.qa.hybridninja.testcases.HybridNinja_Logging_Test" name="loginWithValidCredentialsUsingDataProvider" time="1.35"/>
  <testcase classname="com.qa.hybridninja.testcases.HybridNinja_Logging_Test" name="loginWithValidCredentialsUsingDataProvider" time="1.331"/>
  <testcase classname="com.qa.hybridninja.testcases.HybridNinja_Logging_Test" name="loginWithValidCredentialsUsingDataProvider" time="1.369"/>
  <testcase classname="com.qa.hybridninja.testcases.HybridNinja_Logging_Test" name="loginWithValidCredentialsUsingDataProvider" time="1.348"/>
  <testcase classname="com.qa.hybridninja.testcases.HybridNinja_Logging_Test" name="loginWithValidCredentialsUsingDataProvider" time="1.357"/>
  <testcase classname="com.qa.hybridninja.testcases.HybridNinja_Logging_Test" name="loginWithValidCredentialsUsingExcelSheetDataSupply" time="1.326"/>
  <testcase classname="com.qa.hybridninja.testcases.HybridNinja_Logging_Test" name="loginWithValidCredentialsUsingExcelSheetDataSupply" time="1.3"/>
  <testcase classname="com.qa.hybridninja.testcases.HybridNinja_Logging_Test" name="loginWithValidCredentialsUsingExcelSheetDataSupply" time="1.387"/>
  <testcase classname="com.qa.hybridninja.testcases.HybridNinja_Logging_Test" name="loginWithValidCredentialsUsingExcelSheetDataSupply" time="1.383"/>
  <testcase classname="com.qa.hybridninja.testcases.HybridNinja_Logging_Test" name="loginWithValidCredentialsUsingExcelSheetDataSupply" time="1.271"/>
  <testcase classname="com.qa.hybridninja.testcases.HybridNinja_Logging_Test" name="loginWithValidCredentialsUsingExcelSheetDataSupply" time="1.362"/>
  <testcase classname="com.qa.hybridninja.testcases.HybridNinja_Logging_Test" name="loginWithValidCredentialsUsingExcelSheetDataSupply" time="1.354"/>
  <testcase classname="com.qa.hybridninja.testcases.HybridNinja_Logging_Test" name="loginWithValidCredentialsUsingExcelSheetDataSupply" time="1.305"/>
  <testcase classname="com.qa.hybridninja.testcases.HybridNinja_Logging_Test" name="loginWithInvalidCredentials" time="1.115"/>
  <testcase classname="com.qa.hybridninja.testcases.HybridNinja_Logging_Test" name="loginWithValidUsernameInvalidPassword" time="1.058"/>
  <testcase classname="com.qa.hybridninja.testcases.HybridNinja_Logging_Test" name="loginWithInvalidUsernameValidPassword" time="1.088"/>
  <testcase classname="com.qa.hybridninja.testcases.HybridNinja_Logging_Test" name="loginWithNoCredentials" time="1.025"/>
  <testcase classname="com.qa.hybridninja.testcases.HybridNinja_Inbox_Test" name="validLogin" time="1.268"/>
  <testcase classname="com.qa.hybridninja.testcases.HybridNinja_Logout_Test" name="logoutTest" time="2.095"/>
  <testcase classname="com.qa.hybridninja.testcases.HybridNinja_Register_Test" name="registerWithRequiredFields" time="1.329"/>
  <testcase classname="com.qa.hybridninja.testcases.HybridNinja_Register_Test" name="registerWithAllFields" time="1.117"/>
  <testcase classname="com.qa.hybridninja.testcases.HybridNinja_Register_Test" name="RegisterWithoutAnyDetails" time="1.341"/>
  <testcase classname="com.qa.hybridninja.testcases.HybridNinja_Search_Test" name="searchWithValidProduct" time="0.559"/>
  <testcase classname="com.qa.hybridninja.testcases.HybridNinja_Search_Test" name="searchWithInvalidProduct" time="0.495"/>
  <testcase classname="com.qa.hybridninja.testcases.HybridNinja_Links_Test" name="linkTests" time="12.138"/>
</testsuite> <!-- Ninja-Hybrid_Framework-Test -->
