<?xml version="1.0" encoding="UTF-8"?>
<testsuite xmlns:xsi="http://www.w3.org/2001/XMLSchema-instance" xsi:noNamespaceSchemaLocation="https://maven.apache.org/surefire/maven-surefire-plugin/xsd/surefire-test-report-3.0.xsd" version="3.0" name="TestSuite" time="154.119" tests="30" errors="0" skipped="0" failures="0">
  <properties>
[...]
</properties>
  <testcase name="validatePageTitleAndUrl" classname="com.qa.hybridninja.testcases.HybridNinja_Landing_Test" time="0.026">
    <system-out><![CDATA[Your Store
https://tutorialsninja.com/demo/
The Page is Valid and Functional.
]]></system-out>
    <system-err><![CDATA[SLF4J: Failed to load class "org.slf4j.impl.StaticLoggerBinder".
SLF4J: Defaulting to no-operation (NOP) logger implementation
SLF4J: See http://www.slf4j.org/codes.html#StaticLoggerBinder for further details.
ERROR StatusLogger Log4j2 could not find a logging implementation. Please add log4j-core to the classpath. Using SimpleLogger to log to the console...
Oct 15, 2023 3:21:38 PM org.openqa.selenium.devtools.CdpVersionFinder findNearestMatch
WARNING: Unable to find an exact match for CDP version 118, so returning the closest version found: 117
]]></system-err>
  </testcase>
  <testcase name="presenceOfQAFoxLink" classname="com.qa.hybridninja.testcases.HybridNinja_Landing_Test" time="0.476">
    <system-out><![CDATA[QA Fox Link is Displayed and Enabled making the Landing Page valid.
]]></system-out>
    <system-err><![CDATA[Oct 15, 2023 3:21:41 PM org.openqa.selenium.devtools.CdpVersionFinder findNearestMatch
WARNING: Unable to find an exact match for CDP version 118, so returning the closest version found: 117
]]></system-err>
  </testcase>
  <testcase name="loginWithValidCredentialsUsingDataProvider[shajlee@yahoo.com, Potter1@](1)" classname="com.qa.hybridninja.testcases.HybridNinja_Logging_Test" time="1.372">
    <system-out><![CDATA[Log In With Valid Credentials is Functional
]]></system-out>
    <system-err><![CDATA[Oct 15, 2023 3:21:45 PM org.openqa.selenium.devtools.CdpVersionFinder findNearestMatch
WARNING: Unable to find an exact match for CDP version 118, so returning the closest version found: 117
]]></system-err>
  </testcase>
  <testcase name="loginWithValidCredentialsUsingDataProvider[rifi_luver@hotmail.com, Aniqa1@](2)" classname="com.qa.hybridninja.testcases.HybridNinja_Logging_Test" time="1.305">
    <system-out><![CDATA[Log In With Valid Credentials is Functional
]]></system-out>
    <system-err><![CDATA[Oct 15, 2023 3:21:49 PM org.openqa.selenium.devtools.CdpVersionFinder findNearestMatch
WARNING: Unable to find an exact match for CDP version 118, so returning the closest version found: 117
]]></system-err>
  </testcase>
  <testcase name="loginWithValidCredentialsUsingDataProvider[chowdhurygs@rediffmail.com, Shajlee1@](3)" classname="com.qa.hybridninja.testcases.HybridNinja_Logging_Test" time="1.34">
    <system-out><![CDATA[Log In With Valid Credentials is Functional
]]></system-out>
    <system-err><![CDATA[Oct 15, 2023 3:21:54 PM org.openqa.selenium.devtools.CdpVersionFinder findNearestMatch
WARNING: Unable to find an exact match for CDP version 118, so returning the closest version found: 117
]]></system-err>
  </testcase>
  <testcase name="loginWithValidCredentialsUsingDataProvider[chowdhurygsa@gmail.com, Shajlee123](4)" classname="com.qa.hybridninja.testcases.HybridNinja_Logging_Test" time="1.326">
    <system-out><![CDATA[Log In With Valid Credentials is Functional
]]></system-out>
    <system-err><![CDATA[Oct 15, 2023 3:21:58 PM org.openqa.selenium.devtools.CdpVersionFinder findNearestMatch
WARNING: Unable to find an exact match for CDP version 118, so returning the closest version found: 117
]]></system-err>
  </testcase>
  <testcase name="loginWithValidCredentialsUsingDataProvider[nawshinaniqa@gmail.com, Kiyaan123](5)" classname="com.qa.hybridninja.testcases.HybridNinja_Logging_Test" time="1.343">
    <system-out><![CDATA[Log In With Valid Credentials is Functional
]]></system-out>
    <system-err><![CDATA[Oct 15, 2023 3:22:02 PM org.openqa.selenium.devtools.CdpVersionFinder findNearestMatch
WARNING: Unable to find an exact match for CDP version 118, so returning the closest version found: 117
]]></system-err>
  </testcase>
  <testcase name="loginWithValidCredentialsUsingDataProvider[gkcmono@yahoo.com, poultry13](6)" classname="com.qa.hybridninja.testcases.HybridNinja_Logging_Test" time="1.319">
    <system-out><![CDATA[Log In With Valid Credentials is Functional
]]></system-out>
    <system-err><![CDATA[Oct 15, 2023 3:22:07 PM org.openqa.selenium.devtools.CdpVersionFinder findNearestMatch
WARNING: Unable to find an exact match for CDP version 118, so returning the closest version found: 117
]]></system-err>
  </testcase>
  <testcase name="loginWithValidCredentialsUsingDataProvider[chowdhurygs@gmail.com, Shajlee1234](7)" classname="com.qa.hybridninja.testcases.HybridNinja_Logging_Test" time="1.363">
    <system-out><![CDATA[Log In With Valid Credentials is Functional
]]></system-out>
    <system-err><![CDATA[Oct 15, 2023 3:22:11 PM org.openqa.selenium.devtools.CdpVersionFinder findNearestMatch
WARNING: Unable to find an exact match for CDP version 118, so returning the closest version found: 117
]]></system-err>
  </testcase>
  <testcase name="loginWithValidCredentialsUsingDataProvider[golamchodhury@gmail.com, Shajlee123!](8)" classname="com.qa.hybridninja.testcases.HybridNinja_Logging_Test" time="1.324">
    <system-out><![CDATA[Log In With Valid Credentials is Functional
]]></system-out>
    <system-err><![CDATA[Oct 15, 2023 3:22:16 PM org.openqa.selenium.devtools.CdpVersionFinder findNearestMatch
WARNING: Unable to find an exact match for CDP version 118, so returning the closest version found: 117
]]></system-err>
  </testcase>
  <testcase name="loginWithValidCredentialsUsingExcelSheetDataSupply[shajlee@yahoo.com, Potter1@](1)" classname="com.qa.hybridninja.testcases.HybridNinja_Logging_Test" time="1.332">
    <system-out><![CDATA[Log In With Valid Credentials is Functional
]]></system-out>
    <system-err><![CDATA[Oct 15, 2023 3:22:21 PM org.openqa.selenium.devtools.CdpVersionFinder findNearestMatch
WARNING: Unable to find an exact match for CDP version 118, so returning the closest version found: 117
]]></system-err>
  </testcase>
  <testcase name="loginWithValidCredentialsUsingExcelSheetDataSupply[rifi_luver@hotmail.com, Aniqa1@](2)" classname="com.qa.hybridninja.testcases.HybridNinja_Logging_Test" time="1.293">
    <system-out><![CDATA[Log In With Valid Credentials is Functional
]]></system-out>
    <system-err><![CDATA[Oct 15, 2023 3:22:25 PM org.openqa.selenium.devtools.CdpVersionFinder findNearestMatch
WARNING: Unable to find an exact match for CDP version 118, so returning the closest version found: 117
]]></system-err>
  </testcase>
  <testcase name="loginWithValidCredentialsUsingExcelSheetDataSupply[chowdhurygs@rediffmail.com, Shajlee1@](3)" classname="com.qa.hybridninja.testcases.HybridNinja_Logging_Test" time="1.303">
    <system-out><![CDATA[Log In With Valid Credentials is Functional
]]></system-out>
    <system-err><![CDATA[Oct 15, 2023 3:22:29 PM org.openqa.selenium.devtools.CdpVersionFinder findNearestMatch
WARNING: Unable to find an exact match for CDP version 118, so returning the closest version found: 117
]]></system-err>
  </testcase>
  <testcase name="loginWithValidCredentialsUsingExcelSheetDataSupply[chowdhurygsa@gmail.com, Shajlee123](4)" classname="com.qa.hybridninja.testcases.HybridNinja_Logging_Test" time="1.375">
    <system-out><![CDATA[Log In With Valid Credentials is Functional
]]></system-out>
    <system-err><![CDATA[Oct 15, 2023 3:22:34 PM org.openqa.selenium.devtools.CdpVersionFinder findNearestMatch
WARNING: Unable to find an exact match for CDP version 118, so returning the closest version found: 117
]]></system-err>
  </testcase>
  <testcase name="loginWithValidCredentialsUsingExcelSheetDataSupply[chowdhurygs@gmail.com, Shajlee1234](5)" classname="com.qa.hybridninja.testcases.HybridNinja_Logging_Test" time="1.313">
    <system-out><![CDATA[Log In With Valid Credentials is Functional
]]></system-out>
    <system-err><![CDATA[Oct 15, 2023 3:22:38 PM org.openqa.selenium.devtools.CdpVersionFinder findNearestMatch
WARNING: Unable to find an exact match for CDP version 118, so returning the closest version found: 117
]]></system-err>
  </testcase>
  <testcase name="loginWithValidCredentialsUsingExcelSheetDataSupply[nawshinaniqa@gmail.com, Kiyaan123](6)" classname="com.qa.hybridninja.testcases.HybridNinja_Logging_Test" time="1.325">
    <system-out><![CDATA[Log In With Valid Credentials is Functional
]]></system-out>
    <system-err><![CDATA[Oct 15, 2023 3:22:43 PM org.openqa.selenium.devtools.CdpVersionFinder findNearestMatch
WARNING: Unable to find an exact match for CDP version 118, so returning the closest version found: 117
]]></system-err>
  </testcase>
  <testcase name="loginWithValidCredentialsUsingExcelSheetDataSupply[gkcmono@yahoo.com, poultry13](7)" classname="com.qa.hybridninja.testcases.HybridNinja_Logging_Test" time="1.296">
    <system-out><![CDATA[Log In With Valid Credentials is Functional
]]></system-out>
    <system-err><![CDATA[Oct 15, 2023 3:22:47 PM org.openqa.selenium.devtools.CdpVersionFinder findNearestMatch
WARNING: Unable to find an exact match for CDP version 118, so returning the closest version found: 117
]]></system-err>
  </testcase>
  <testcase name="loginWithValidCredentialsUsingExcelSheetDataSupply[golamchodhury@gmail.com, Shajlee123!](8)" classname="com.qa.hybridninja.testcases.HybridNinja_Logging_Test" time="1.33">
    <system-out><![CDATA[Log In With Valid Credentials is Functional
]]></system-out>
    <system-err><![CDATA[Oct 15, 2023 3:22:51 PM org.openqa.selenium.devtools.CdpVersionFinder findNearestMatch
WARNING: Unable to find an exact match for CDP version 118, so returning the closest version found: 117
]]></system-err>
  </testcase>
  <testcase name="loginWithInvalidCredentials" classname="com.qa.hybridninja.testcases.HybridNinja_Logging_Test" time="1.203">
    <system-out><![CDATA[Log In With Invalid Credentials is Behaving as Expected
]]></system-out>
    <system-err><![CDATA[Oct 15, 2023 3:22:56 PM org.openqa.selenium.devtools.CdpVersionFinder findNearestMatch
WARNING: Unable to find an exact match for CDP version 118, so returning the closest version found: 117
]]></system-err>
  </testcase>
  <testcase name="loginWithValidUsernameInvalidPassword" classname="com.qa.hybridninja.testcases.HybridNinja_Logging_Test" time="1.079">
    <system-out><![CDATA[Log In With Valid Username Invalid Password is Behaving as Expected
]]></system-out>
    <system-err><![CDATA[Oct 15, 2023 3:23:00 PM org.openqa.selenium.devtools.CdpVersionFinder findNearestMatch
WARNING: Unable to find an exact match for CDP version 118, so returning the closest version found: 117
]]></system-err>
  </testcase>
  <testcase name="loginWithInvalidUsernameValidPassword" classname="com.qa.hybridninja.testcases.HybridNinja_Logging_Test" time="1.116">
    <system-out><![CDATA[Log In With Invalid Username Valid Password is Behaving as Expected
]]></system-out>
    <system-err><![CDATA[Oct 15, 2023 3:23:04 PM org.openqa.selenium.devtools.CdpVersionFinder findNearestMatch
WARNING: Unable to find an exact match for CDP version 118, so returning the closest version found: 117
]]></system-err>
  </testcase>
  <testcase name="loginWithNoCredentials" classname="com.qa.hybridninja.testcases.HybridNinja_Logging_Test" time="1.032">
    <system-out><![CDATA[Log In With No Credentials is Behaving as Expected
]]></system-out>
    <system-err><![CDATA[Oct 15, 2023 3:23:08 PM org.openqa.selenium.devtools.CdpVersionFinder findNearestMatch
WARNING: Unable to find an exact match for CDP version 118, so returning the closest version found: 117
]]></system-err>
  </testcase>
  <testcase name="validLogin" classname="com.qa.hybridninja.testcases.HybridNinja_Inbox_Test" time="1.346">
    <system-out><![CDATA[Inbox Page is Functional
]]></system-out>
    <system-err><![CDATA[Oct 15, 2023 3:23:12 PM org.openqa.selenium.devtools.CdpVersionFinder findNearestMatch
WARNING: Unable to find an exact match for CDP version 118, so returning the closest version found: 117
]]></system-err>
  </testcase>
  <testcase name="logoutTest" classname="com.qa.hybridninja.testcases.HybridNinja_Logout_Test" time="2.032">
    <system-out><![CDATA[Logout page is fucntional
]]></system-out>
    <system-err><![CDATA[Oct 15, 2023 3:23:21 PM org.openqa.selenium.devtools.CdpVersionFinder findNearestMatch
WARNING: Unable to find an exact match for CDP version 118, so returning the closest version found: 117
]]></system-err>
  </testcase>
  <testcase name="registerWithRequiredFields" classname="com.qa.hybridninja.testcases.HybridNinja_Register_Test" time="1.419">
    <system-out><![CDATA[Register with Required Fields is functional
]]></system-out>
    <system-err><![CDATA[Oct 15, 2023 3:23:27 PM org.openqa.selenium.devtools.CdpVersionFinder findNearestMatch
WARNING: Unable to find an exact match for CDP version 118, so returning the closest version found: 117
]]></system-err>
  </testcase>
  <testcase name="registerWithAllFields" classname="com.qa.hybridninja.testcases.HybridNinja_Register_Test" time="1.985">
    <system-err><![CDATA[Oct 15, 2023 3:23:32 PM org.openqa.selenium.devtools.CdpVersionFinder findNearestMatch
WARNING: Unable to find an exact match for CDP version 118, so returning the closest version found: 117
]]></system-err>
  </testcase>
  <testcase name="RegisterWithoutAnyDetails" classname="com.qa.hybridninja.testcases.HybridNinja_Register_Test" time="1.801">
    <system-out><![CDATA[Register without any fields is behaving as expected
]]></system-out>
    <system-err><![CDATA[Oct 15, 2023 3:23:37 PM org.openqa.selenium.devtools.CdpVersionFinder findNearestMatch
WARNING: Unable to find an exact match for CDP version 118, so returning the closest version found: 117
]]></system-err>
  </testcase>
  <testcase name="searchWithValidProduct" classname="com.qa.hybridninja.testcases.HybridNinja_Search_Test" time="0.73">
    <system-out><![CDATA[Search with Valid Product is functioning as Expected
]]></system-out>
    <system-err><![CDATA[Oct 15, 2023 3:23:43 PM org.openqa.selenium.devtools.CdpVersionFinder findNearestMatch
WARNING: Unable to find an exact match for CDP version 118, so returning the closest version found: 117
]]></system-err>
  </testcase>
  <testcase name="searchWithInvalidProduct" classname="com.qa.hybridninja.testcases.HybridNinja_Search_Test" time="0.7">
    <system-out><![CDATA[Search with Invalid Product is functioning as Expected
]]></system-out>
    <system-err><![CDATA[Oct 15, 2023 3:23:47 PM org.openqa.selenium.devtools.CdpVersionFinder findNearestMatch
WARNING: Unable to find an exact match for CDP version 118, so returning the closest version found: 117
]]></system-err>
  </testcase>
  <testcase name="linkTests" classname="com.qa.hybridninja.testcases.HybridNinja_Links_Test" time="13.395">
    <system-err><![CDATA[Oct 15, 2023 3:23:51 PM org.openqa.selenium.devtools.CdpVersionFinder findNearestMatch
WARNING: Unable to find an exact match for CDP version 118, so returning the closest version found: 117
]]></system-err>
  </testcase>
</testsuite>