<?xml version="1.0" encoding="UTF-8"?>
<!-- Generated by org.testng.reporters.JUnitXMLReporter -->
<testsuite ignored="0" hostname="LAPTOP-PLNO5R2G" failures="0" tests="30" name="Ninja-Hybrid_Framework-Test" time="152.379" errors="0" timestamp="2023-10-15T15:24:08 PDT">
  <testcase classname="com.qa.hybridninja.testcases.HybridNinja_Landing_Test" name="validatePageTitleAndUrl" time="0.03"/>
  <testcase classname="com.qa.hybridninja.testcases.HybridNinja_Landing_Test" name="presenceOfQAFoxLink" time="0.472"/>
  <testcase classname="com.qa.hybridninja.testcases.HybridNinja_Logging_Test" name="loginWithValidCredentialsUsingDataProvider" time="1.372"/>
  <testcase classname="com.qa.hybridninja.testcases.HybridNinja_Logging_Test" name="loginWithValidCredentialsUsingDataProvider" time="1.304"/>
  <testcase classname="com.qa.hybridninja.testcases.HybridNinja_Logging_Test" name="loginWithValidCredentialsUsingDataProvider" time="1.338"/>
  <testcase classname="com.qa.hybridninja.testcases.HybridNinja_Logging_Test" name="loginWithValidCredentialsUsingDataProvider" time="1.325"/>
  <testcase classname="com.qa.hybridninja.testcases.HybridNinja_Logging_Test" name="loginWithValidCredentialsUsingDataProvider" time="1.341"/>
  <testcase classname="com.qa.hybridninja.testcases.HybridNinja_Logging_Test" name="loginWithValidCredentialsUsingDataProvider" time="1.316"/>
  <testcase classname="com.qa.hybridninja.testcases.HybridNinja_Logging_Test" name="loginWithValidCredentialsUsingDataProvider" time="1.362"/>
  <testcase classname="com.qa.hybridninja.testcases.HybridNinja_Logging_Test" name="loginWithValidCredentialsUsingDataProvider" time="1.322"/>
  <testcase classname="com.qa.hybridninja.testcases.HybridNinja_Logging_Test" name="loginWithValidCredentialsUsingExcelSheetDataSupply" time="1.33"/>
  <testcase classname="com.qa.hybridninja.testcases.HybridNinja_Logging_Test" name="loginWithValidCredentialsUsingExcelSheetDataSupply" time="1.29"/>
  <testcase classname="com.qa.hybridninja.testcases.HybridNinja_Logging_Test" name="loginWithValidCredentialsUsingExcelSheetDataSupply" time="1.304"/>
  <testcase classname="com.qa.hybridninja.testcases.HybridNinja_Logging_Test" name="loginWithValidCredentialsUsingExcelSheetDataSupply" time="1.372"/>
  <testcase classname="com.qa.hybridninja.testcases.HybridNinja_Logging_Test" name="loginWithValidCredentialsUsingExcelSheetDataSupply" time="1.31"/>
  <testcase classname="com.qa.hybridninja.testcases.HybridNinja_Logging_Test" name="loginWithValidCredentialsUsingExcelSheetDataSupply" time="1.324"/>
  <testcase classname="com.qa.hybridninja.testcases.HybridNinja_Logging_Test" name="loginWithValidCredentialsUsingExcelSheetDataSupply" time="1.294"/>
  <testcase classname="com.qa.hybridninja.testcases.HybridNinja_Logging_Test" name="loginWithValidCredentialsUsingExcelSheetDataSupply" time="1.329"/>
  <testcase classname="com.qa.hybridninja.testcases.HybridNinja_Logging_Test" name="loginWithInvalidCredentials" time="1.2"/>
  <testcase classname="com.qa.hybridninja.testcases.HybridNinja_Logging_Test" name="loginWithValidUsernameInvalidPassword" time="1.079"/>
  <testcase classname="com.qa.hybridninja.testcases.HybridNinja_Logging_Test" name="loginWithInvalidUsernameValidPassword" time="1.111"/>
  <testcase classname="com.qa.hybridninja.testcases.HybridNinja_Logging_Test" name="loginWithNoCredentials" time="1.033"/>
  <testcase classname="com.qa.hybridninja.testcases.HybridNinja_Inbox_Test" name="validLogin" time="1.346"/>
  <testcase classname="com.qa.hybridninja.testcases.HybridNinja_Logout_Test" name="logoutTest" time="2.031"/>
  <testcase classname="com.qa.hybridninja.testcases.HybridNinja_Register_Test" name="registerWithRequiredFields" time="1.415"/>
  <testcase classname="com.qa.hybridninja.testcases.HybridNinja_Register_Test" name="registerWithAllFields" time="1.985"/>
  <testcase classname="com.qa.hybridninja.testcases.HybridNinja_Register_Test" name="RegisterWithoutAnyDetails" time="1.8"/>
  <testcase classname="com.qa.hybridninja.testcases.HybridNinja_Search_Test" name="searchWithValidProduct" time="0.728"/>
  <testcase classname="com.qa.hybridninja.testcases.HybridNinja_Search_Test" name="searchWithInvalidProduct" time="0.696"/>
  <testcase classname="com.qa.hybridninja.testcases.HybridNinja_Links_Test" name="linkTests" time="13.395"/>
</testsuite> <!-- Ninja-Hybrid_Framework-Test -->
